
Showing logs for build [32mcb-kubecd-environment-pr-199-54-s6jjl-1[0m stage [32mfrom-build-pack[0m and container [32mstep-credential-initializer-cpnff[0m
{"level":"warn","ts":1586633214.022066,"logger":"fallback-logger","caller":"logging/config.go:69","msg":"Fetch GitHub commit ID from kodata failed: \"ref: refs/heads/0.8.0-**-support-backwards-incompats\" is not a valid GitHub commit ID"}
{"level":"info","ts":1586633214.0226703,"logger":"fallback-logger","caller":"creds-init/main.go:40","msg":"Credentials initialized."}

Showing logs for build [32mcb-kubecd-environment-pr-199-54-s6jjl-1[0m stage [32mfrom-build-pack[0m and container [32mstep-working-dir-initializer-vwzvb[0m
{"level":"warn","ts":1586633215.146425,"logger":"fallback-logger","caller":"logging/config.go:69","msg":"Fetch GitHub commit ID from kodata failed: open /var/run/ko/HEAD: no such file or directory"}
{"level":"info","ts":1586633215.148288,"logger":"fallback-logger","caller":"bash/main.go:64","msg":"Successfully executed command \"sh -c mkdir -p /workspace/source\"; output "}

Showing logs for build [32mcb-kubecd-environment-pr-199-54-s6jjl-1[0m stage [32mfrom-build-pack[0m and container [32mstep-place-tools[0m

Showing logs for build [32mcb-kubecd-environment-pr-199-54-s6jjl-1[0m stage [32mfrom-build-pack[0m and container [32mstep-git-source-cb-kubecd-environment-pr-199-54-s6jjl-6bg6w[0m
{"level":"warn","ts":1586633219.211644,"logger":"fallback-logger","caller":"logging/config.go:69","msg":"Fetch GitHub commit ID from kodata failed: \"ref: refs/heads/0.8.0-**-support-backwards-incompats\" is not a valid GitHub commit ID"}
{"level":"info","ts":1586633220.2785451,"logger":"fallback-logger","caller":"git/git.go:103","msg":"Successfully cloned https://github.com/cb-kubecd/environment-pr-199-54-boot-vault-gke-staging.git @ master in path /workspace/source"}

Showing logs for build [32mcb-kubecd-environment-pr-199-54-s6jjl-1[0m stage [32mfrom-build-pack[0m and container [32mstep-git-merge[0m
Using SHAs from PULL_REFS=master:076a37d86ecd6193c5f3d14b85a2f800175728c7,3:fde4b04eb121f1492c8cd132a4aba10de20a3f11
DEBUG: LC_ALL=C JX_LOG_LEVEL=error git fetch origin --unshallow fde4b04eb121f1492c8cd132a4aba10de20a3f11: 076a37d86ecd6193c5f3d14b85a2f800175728c7:
DEBUG: ran git fetch --unshallow origin fde4b04eb121f1492c8cd132a4aba10de20a3f11: 076a37d86ecd6193c5f3d14b85a2f800175728c7: in 
DEBUG: LC_ALL=C JX_LOG_LEVEL=error git branch
DEBUG: LC_ALL=C JX_LOG_LEVEL=error git checkout master
DEBUG: ran git checkout master in 
DEBUG: LC_ALL=C JX_LOG_LEVEL=error git reset --hard 076a37d86ecd6193c5f3d14b85a2f800175728c7
DEBUG: ran git reset --hard 076a37d86ecd6193c5f3d14b85a2f800175728c7 in 
DEBUG: JX_LOG_LEVEL=error LC_ALL=C git clean -fd .
DEBUG: ran clean --force -d . in 
DEBUG: JX_LOG_LEVEL=error LC_ALL=C git merge fde4b04eb121f1492c8cd132a4aba10de20a3f11
DEBUG: ran git merge fde4b04eb121f1492c8cd132a4aba10de20a3f11 in 
DEBUG: LC_ALL=C JX_LOG_LEVEL=error git log --format=%H%x1f%an%x1f%ae%x1f%cn%x1f%ce%x1f%s%n%b%x1e 076a37d86ecd6193c5f3d14b85a2f800175728c7..HEAD
Merged SHA fde4b04eb121f1492c8cd132a4aba10de20a3f11 with commit message 'chore: Promote bdd-nh-1586631715 to version 0.0.1' into base branch master

Showing logs for build [32mcb-kubecd-environment-pr-199-54-s6jjl-1[0m stage [32mfrom-build-pack[0m and container [32mstep-build-helm-build[0m
WARNING: No $CHART_REPOSITORY defined so using the default value of: http://jenkins-x-chartmuseum:8080
Adding missing Helm repo: storage.googleapis.com https://storage.googleapis.com/chartmuseum.jenkins-x.io
WARNING: No secrets found on "helm/repos" due: reading the secret "helm/repos" from vault: no secret "helm/repos" not found in vault
Read credentials for https://storage.googleapis.com/chartmuseum.jenkins-x.io from vault helm/repos
Successfully added Helm repository storage.googleapis.com.
Adding missing Helm repo: jenkins-x-chartmuseum http://jenkins-x-chartmuseum:8080
WARNING: No secrets found on "helm/repos" due: reading the secret "helm/repos" from vault: no secret "helm/repos" not found in vault
Read credentials for http://jenkins-x-chartmuseum:8080 from vault helm/repos
Successfully added Helm repository jenkins-x-chartmuseum.
WARNING: No $CHART_REPOSITORY defined so using the default value of: http://jenkins-x-chartmuseum:8080
Adding missing Helm repo: chartmuseum.jenkins-x.io http://chartmuseum.jenkins-x.io
WARNING: No secrets found on "helm/repos" due: reading the secret "helm/repos" from vault: no secret "helm/repos" not found in vault
Read credentials for http://chartmuseum.jenkins-x.io from vault helm/repos
Successfully added Helm repository chartmuseum.jenkins-x.io.
